<?xml version="1.0" encoding="UTF-8"?>
<testsuite xmlns:xsi="http://www.w3.org/2001/XMLSchema-instance" xsi:noNamespaceSchemaLocation="https://maven.apache.org/surefire/maven-surefire-plugin/xsd/surefire-test-report.xsd" name="dao.TaskDaoTest" time="4.315" tests="8" errors="0" skipped="0" failures="2">
  <properties>
    <property name="java.specification.version" value="23"/>
    <property name="sun.cpu.isalist" value="amd64"/>
    <property name="sun.jnu.encoding" value="Cp1251"/>
    <property name="java.class.path" value="D:\repo\java\javaThree\lesson43\target\test-classes;D:\repo\java\javaThree\lesson43\target\classes;C:\Users\TUF GAMING\.m2\repository\org\postgresql\postgresql\42.2.18\postgresql-42.2.18.jar;C:\Users\TUF GAMING\.m2\repository\org\checkerframework\checker-qual\3.5.0\checker-qual-3.5.0.jar;C:\Users\TUF GAMING\.m2\repository\org\junit\jupiter\junit-jupiter\5.7.0\junit-jupiter-5.7.0.jar;C:\Users\TUF GAMING\.m2\repository\org\junit\jupiter\junit-jupiter-api\5.7.0\junit-jupiter-api-5.7.0.jar;C:\Users\TUF GAMING\.m2\repository\org\apiguardian\apiguardian-api\1.1.0\apiguardian-api-1.1.0.jar;C:\Users\TUF GAMING\.m2\repository\org\opentest4j\opentest4j\1.2.0\opentest4j-1.2.0.jar;C:\Users\TUF GAMING\.m2\repository\org\junit\platform\junit-platform-commons\1.7.0\junit-platform-commons-1.7.0.jar;C:\Users\TUF GAMING\.m2\repository\org\junit\jupiter\junit-jupiter-params\5.7.0\junit-jupiter-params-5.7.0.jar;C:\Users\TUF GAMING\.m2\repository\org\junit\jupiter\junit-jupiter-engine\5.7.0\junit-jupiter-engine-5.7.0.jar;C:\Users\TUF GAMING\.m2\repository\org\junit\platform\junit-platform-engine\1.7.0\junit-platform-engine-1.7.0.jar;C:\Users\TUF GAMING\.m2\repository\org\assertj\assertj-core\3.18.1\assertj-core-3.18.1.jar;C:\Users\TUF GAMING\.m2\repository\com\opentable\components\otj-pg-embedded\0.13.3\otj-pg-embedded-0.13.3.jar;C:\Users\TUF GAMING\.m2\repository\org\slf4j\slf4j-api\1.7.28\slf4j-api-1.7.28.jar;C:\Users\TUF GAMING\.m2\repository\org\apache\commons\commons-lang3\3.9\commons-lang3-3.9.jar;C:\Users\TUF GAMING\.m2\repository\org\apache\commons\commons-compress\1.19\commons-compress-1.19.jar;C:\Users\TUF GAMING\.m2\repository\org\tukaani\xz\1.5\xz-1.5.jar;C:\Users\TUF GAMING\.m2\repository\commons-io\commons-io\2.6\commons-io-2.6.jar;C:\Users\TUF GAMING\.m2\repository\commons-codec\commons-codec\1.13\commons-codec-1.13.jar;C:\Users\TUF GAMING\.m2\repository\com\github\spotbugs\spotbugs-annotations\3.1.12\spotbugs-annotations-3.1.12.jar;C:\Users\TUF GAMING\.m2\repository\com\google\code\findbugs\jsr305\3.0.2\jsr305-3.0.2.jar;C:\Users\TUF GAMING\.m2\repository\org\slf4j\jcl-over-slf4j\1.7.28\jcl-over-slf4j-1.7.28.jar;"/>
    <property name="java.vm.vendor" value="Oracle Corporation"/>
    <property name="sun.arch.data.model" value="64"/>
    <property name="user.variant" value=""/>
    <property name="java.vendor.url" value="https://java.oracle.com/"/>
    <property name="user.timezone" value="Europe/Minsk"/>
    <property name="os.name" value="Windows 11"/>
    <property name="java.vm.specification.version" value="23"/>
    <property name="sun.java.launcher" value="SUN_STANDARD"/>
    <property name="user.country" value="RU"/>
    <property name="sun.boot.library.path" value="C:\Users\TUF GAMING\.jdks\openjdk-23.0.1\bin"/>
    <property name="sun.java.command" value="C:\Users\TUFGAM~1\AppData\Local\Temp\surefire10402465861668216284\surefirebooter3580291002089597488.jar C:\Users\TUF GAMING\AppData\Local\Temp\surefire10402465861668216284 2025-09-27T18-35-13_112-jvmRun1 surefire9754893214139984340tmp surefire_0512314919334982429tmp"/>
    <property name="jdk.debug" value="release"/>
    <property name="surefire.test.class.path" value="D:\repo\java\javaThree\lesson43\target\test-classes;D:\repo\java\javaThree\lesson43\target\classes;C:\Users\TUF GAMING\.m2\repository\org\postgresql\postgresql\42.2.18\postgresql-42.2.18.jar;C:\Users\TUF GAMING\.m2\repository\org\checkerframework\checker-qual\3.5.0\checker-qual-3.5.0.jar;C:\Users\TUF GAMING\.m2\repository\org\junit\jupiter\junit-jupiter\5.7.0\junit-jupiter-5.7.0.jar;C:\Users\TUF GAMING\.m2\repository\org\junit\jupiter\junit-jupiter-api\5.7.0\junit-jupiter-api-5.7.0.jar;C:\Users\TUF GAMING\.m2\repository\org\apiguardian\apiguardian-api\1.1.0\apiguardian-api-1.1.0.jar;C:\Users\TUF GAMING\.m2\repository\org\opentest4j\opentest4j\1.2.0\opentest4j-1.2.0.jar;C:\Users\TUF GAMING\.m2\repository\org\junit\platform\junit-platform-commons\1.7.0\junit-platform-commons-1.7.0.jar;C:\Users\TUF GAMING\.m2\repository\org\junit\jupiter\junit-jupiter-params\5.7.0\junit-jupiter-params-5.7.0.jar;C:\Users\TUF GAMING\.m2\repository\org\junit\jupiter\junit-jupiter-engine\5.7.0\junit-jupiter-engine-5.7.0.jar;C:\Users\TUF GAMING\.m2\repository\org\junit\platform\junit-platform-engine\1.7.0\junit-platform-engine-1.7.0.jar;C:\Users\TUF GAMING\.m2\repository\org\assertj\assertj-core\3.18.1\assertj-core-3.18.1.jar;C:\Users\TUF GAMING\.m2\repository\com\opentable\components\otj-pg-embedded\0.13.3\otj-pg-embedded-0.13.3.jar;C:\Users\TUF GAMING\.m2\repository\org\slf4j\slf4j-api\1.7.28\slf4j-api-1.7.28.jar;C:\Users\TUF GAMING\.m2\repository\org\apache\commons\commons-lang3\3.9\commons-lang3-3.9.jar;C:\Users\TUF GAMING\.m2\repository\org\apache\commons\commons-compress\1.19\commons-compress-1.19.jar;C:\Users\TUF GAMING\.m2\repository\org\tukaani\xz\1.5\xz-1.5.jar;C:\Users\TUF GAMING\.m2\repository\commons-io\commons-io\2.6\commons-io-2.6.jar;C:\Users\TUF GAMING\.m2\repository\commons-codec\commons-codec\1.13\commons-codec-1.13.jar;C:\Users\TUF GAMING\.m2\repository\com\github\spotbugs\spotbugs-annotations\3.1.12\spotbugs-annotations-3.1.12.jar;C:\Users\TUF GAMING\.m2\repository\com\google\code\findbugs\jsr305\3.0.2\jsr305-3.0.2.jar;C:\Users\TUF GAMING\.m2\repository\org\slf4j\jcl-over-slf4j\1.7.28\jcl-over-slf4j-1.7.28.jar;"/>
    <property name="sun.cpu.endian" value="little"/>
    <property name="user.home" value="C:\Users\TUF GAMING"/>
    <property name="user.language" value="ru"/>
    <property name="java.specification.vendor" value="Oracle Corporation"/>
    <property name="java.version.date" value="2024-10-15"/>
    <property name="java.home" value="C:\Users\TUF GAMING\.jdks\openjdk-23.0.1"/>
    <property name="file.separator" value="\"/>
    <property name="basedir" value="D:\repo\java\javaThree\lesson43"/>
    <property name="java.vm.compressedOopsMode" value="Zero based"/>
    <property name="line.separator" value="&#10;"/>
    <property name="java.vm.specification.vendor" value="Oracle Corporation"/>
    <property name="java.specification.name" value="Java Platform API Specification"/>
    <property name="surefire.real.class.path" value="C:\Users\TUFGAM~1\AppData\Local\Temp\surefire10402465861668216284\surefirebooter3580291002089597488.jar"/>
    <property name="user.script" value=""/>
    <property name="sun.management.compiler" value="HotSpot 64-Bit Tiered Compilers"/>
    <property name="java.runtime.version" value="23.0.1+11-39"/>
    <property name="user.name" value="TUF GAMING"/>
    <property name="stdout.encoding" value="Cp1251"/>
    <property name="path.separator" value=";"/>
    <property name="os.version" value="10.0"/>
    <property name="java.runtime.name" value="OpenJDK Runtime Environment"/>
    <property name="file.encoding" value="UTF-8"/>
    <property name="java.vm.name" value="OpenJDK 64-Bit Server VM"/>
    <property name="localRepository" value="C:\Users\TUF GAMING\.m2\repository"/>
    <property name="java.vendor.url.bug" value="https://bugreport.java.com/bugreport/"/>
    <property name="java.io.tmpdir" value="C:\Users\TUFGAM~1\AppData\Local\Temp\"/>
    <property name="idea.version" value="2024.1.7"/>
    <property name="java.version" value="23.0.1"/>
    <property name="user.dir" value="D:\repo\java\javaThree\lesson43"/>
    <property name="os.arch" value="amd64"/>
    <property name="java.vm.specification.name" value="Java Virtual Machine Specification"/>
    <property name="sun.os.patch.level" value=""/>
    <property name="native.encoding" value="Cp1251"/>
    <property name="java.library.path" value="C:\Users\TUF GAMING\.jdks\openjdk-23.0.1\bin;C:\WINDOWS\Sun\Java\bin;C:\WINDOWS\system32;C:\WINDOWS;C:\Program Files\Eclipse Adoptium\jre-21.0.6.7-hotspot\bin;C:\Program Files\Eclipse Adoptium\jdk-21.0.6.7-hotspot\bin;C:\WINDOWS\system32;C:\WINDOWS;C:\WINDOWS\System32\Wbem;C:\WINDOWS\System32\WindowsPowerShell\v1.0\;C:\WINDOWS\System32\OpenSSH\;C:\ProgramData\chocolatey\bin;C:\Program Files\nodejs\;C:\Program Files\Eclipse Adoptium\jdk-21.0.6.7-hotspot\bin;C:\Program Files\Git\cmd;C:\ProgramData\chocolatey\lib\maven\apache-maven-3.9.11\bin;C:\Program Files\Docker\Docker\resources\bin;C:\Program Files\PostgreSQL\17\bin;C:\Program Files\PostgreSQL\17\bin\;C:\Users\TUF GAMING\AppData\Local\Microsoft\WindowsApps;C:\Users\TUF GAMING\AppData\Local\Programs\Microsoft VS Code\bin;C:\Users\TUF GAMING\AppData\Roaming\npm;C:\Users\TUF GAMING\IDEA\IntelliJ IDEA Community Edition 2022.3.3\bin;;;."/>
    <property name="java.vm.info" value="mixed mode, sharing"/>
    <property name="stderr.encoding" value="Cp1251"/>
    <property name="java.vendor" value="Oracle Corporation"/>
    <property name="java.vm.version" value="23.0.1+11-39"/>
    <property name="sun.io.unicode.encoding" value="UnicodeLittle"/>
    <property name="java.class.version" value="67.0"/>
  </properties>
  <testcase name="testFindAllReturnsAllTasks" classname="dao.TaskDaoTest" time="0.21"/>
  <testcase name="testFinishSetsCorrectFlagInDb" classname="dao.TaskDaoTest" time="0.147"/>
  <testcase name="deleteByIdDeletesOnlyNecessaryData" classname="dao.TaskDaoTest" time="0.221"/>
  <testcase name="testFindNotFinishedReturnsCorrectTasks" classname="dao.TaskDaoTest" time="0.156">
    <failure message="[List check first element] &#10;Expecting:&#10;  &lt;[6, &quot;test task&quot;, false, 2025-09-27T18:35:17.356492 (java.time.LocalDateTime)]&gt;&#10;to contain exactly (and in same order):&#10;  &lt;[6, &quot;test task&quot;, false, 2025-09-27T18:35:17.356492100 (java.time.LocalDateTime)]&gt;&#10;but some elements were not found:&#10;  &lt;[2025-09-27T18:35:17.356492100 (java.time.LocalDateTime)]&gt;&#10;and others were not expected:&#10;  &lt;[2025-09-27T18:35:17.356492 (java.time.LocalDateTime)]&gt;&#10;" type="java.lang.AssertionError"><![CDATA[java.lang.AssertionError: 
[List check first element] 
Expecting:
  <[6, "test task", false, 2025-09-27T18:35:17.356492 (java.time.LocalDateTime)]>
to contain exactly (and in same order):
  <[6, "test task", false, 2025-09-27T18:35:17.356492100 (java.time.LocalDateTime)]>
but some elements were not found:
  <[2025-09-27T18:35:17.356492100 (java.time.LocalDateTime)]>
and others were not expected:
  <[2025-09-27T18:35:17.356492 (java.time.LocalDateTime)]>

	at dao.TaskDaoTest.testFindNotFinishedReturnsCorrectTasks(TaskDaoTest.java:110)
]]></failure>
  </testcase>
  <testcase name="testDeleteAllDeletesAllRowsInTasks" classname="dao.TaskDaoTest" time="0.268"/>
  <testcase name="testFindNewestTasksReturnsCorrectTasks" classname="dao.TaskDaoTest" time="0.192"/>
  <testcase name="testSaveSetsId" classname="dao.TaskDaoTest" time="0.077"/>
  <testcase name="testGetByIdReturnsCorrectTask" classname="dao.TaskDaoTest" time="0.11">
    <failure message="[Extracted: id, title, finished, createdDate] &#10;Expecting:&#10;  &lt;[13, &quot;test task&quot;, false, 2025-09-27T18:35:18.050090 (java.time.LocalDateTime)]&gt;&#10;to contain exactly (and in same order):&#10;  &lt;[13,&#10;    &quot;test task&quot;,&#10;    false,&#10;    2025-09-27T18:35:18.050089500 (java.time.LocalDateTime)]&gt;&#10;but some elements were not found:&#10;  &lt;[2025-09-27T18:35:18.050089500 (java.time.LocalDateTime)]&gt;&#10;and others were not expected:&#10;  &lt;[2025-09-27T18:35:18.050090 (java.time.LocalDateTime)]&gt;&#10;" type="java.lang.AssertionError"><![CDATA[java.lang.AssertionError: 
[Extracted: id, title, finished, createdDate] 
Expecting:
  <[13, "test task", false, 2025-09-27T18:35:18.050090 (java.time.LocalDateTime)]>
to contain exactly (and in same order):
  <[13,
    "test task",
    false,
    2025-09-27T18:35:18.050089500 (java.time.LocalDateTime)]>
but some elements were not found:
  <[2025-09-27T18:35:18.050089500 (java.time.LocalDateTime)]>
and others were not expected:
  <[2025-09-27T18:35:18.050090 (java.time.LocalDateTime)]>

	at dao.TaskDaoTest.testGetByIdReturnsCorrectTask(TaskDaoTest.java:96)
]]></failure>
  </testcase>
</testsuite>