<?xml version="1.0" encoding="UTF-8"?>
<testsuite xmlns:xsi="http://www.w3.org/2001/XMLSchema-instance" xsi:noNamespaceSchemaLocation="https://maven.apache.org/surefire/maven-surefire-plugin/xsd/surefire-test-report.xsd" name="dao.TaskDaoTest" time="4.315" tests="8" errors="0" skipped="0" failures="2">
  <properties>
[...]
</properties>
  <testcase name="testFindAllReturnsAllTasks" classname="dao.TaskDaoTest" time="0.21"/>
  <testcase name="testFinishSetsCorrectFlagInDb" classname="dao.TaskDaoTest" time="0.147"/>
  <testcase name="deleteByIdDeletesOnlyNecessaryData" classname="dao.TaskDaoTest" time="0.221"/>
  <testcase name="testFindNotFinishedReturnsCorrectTasks" classname="dao.TaskDaoTest" time="0.156">
    <failure message="[List check first element] &#10;Expecting:&#10;  &lt;[6, &quot;test task&quot;, false, 2025-09-27T18:35:17.356492 (java.time.LocalDateTime)]&gt;&#10;to contain exactly (and in same order):&#10;  &lt;[6, &quot;test task&quot;, false, 2025-09-27T18:35:17.356492100 (java.time.LocalDateTime)]&gt;&#10;but some elements were not found:&#10;  &lt;[2025-09-27T18:35:17.356492100 (java.time.LocalDateTime)]&gt;&#10;and others were not expected:&#10;  &lt;[2025-09-27T18:35:17.356492 (java.time.LocalDateTime)]&gt;&#10;" type="java.lang.AssertionError"><![CDATA[java.lang.AssertionError: 
[List check first element] 
Expecting:
  <[6, "test task", false, 2025-09-27T18:35:17.356492 (java.time.LocalDateTime)]>
to contain exactly (and in same order):
  <[6, "test task", false, 2025-09-27T18:35:17.356492100 (java.time.LocalDateTime)]>
but some elements were not found:
  <[2025-09-27T18:35:17.356492100 (java.time.LocalDateTime)]>
and others were not expected:
  <[2025-09-27T18:35:17.356492 (java.time.LocalDateTime)]>

	at dao.TaskDaoTest.testFindNotFinishedReturnsCorrectTasks(TaskDaoTest.java:110)
]]></failure>
  </testcase>
  <testcase name="testDeleteAllDeletesAllRowsInTasks" classname="dao.TaskDaoTest" time="0.268"/>
  <testcase name="testFindNewestTasksReturnsCorrectTasks" classname="dao.TaskDaoTest" time="0.192"/>
  <testcase name="testSaveSetsId" classname="dao.TaskDaoTest" time="0.077"/>
  <testcase name="testGetByIdReturnsCorrectTask" classname="dao.TaskDaoTest" time="0.11">
    <failure message="[Extracted: id, title, finished, createdDate] &#10;Expecting:&#10;  &lt;[13, &quot;test task&quot;, false, 2025-09-27T18:35:18.050090 (java.time.LocalDateTime)]&gt;&#10;to contain exactly (and in same order):&#10;  &lt;[13,&#10;    &quot;test task&quot;,&#10;    false,&#10;    2025-09-27T18:35:18.050089500 (java.time.LocalDateTime)]&gt;&#10;but some elements were not found:&#10;  &lt;[2025-09-27T18:35:18.050089500 (java.time.LocalDateTime)]&gt;&#10;and others were not expected:&#10;  &lt;[2025-09-27T18:35:18.050090 (java.time.LocalDateTime)]&gt;&#10;" type="java.lang.AssertionError"><![CDATA[java.lang.AssertionError: 
[Extracted: id, title, finished, createdDate] 
Expecting:
  <[13, "test task", false, 2025-09-27T18:35:18.050090 (java.time.LocalDateTime)]>
to contain exactly (and in same order):
  <[13,
    "test task",
    false,
    2025-09-27T18:35:18.050089500 (java.time.LocalDateTime)]>
but some elements were not found:
  <[2025-09-27T18:35:18.050089500 (java.time.LocalDateTime)]>
and others were not expected:
  <[2025-09-27T18:35:18.050090 (java.time.LocalDateTime)]>

	at dao.TaskDaoTest.testGetByIdReturnsCorrectTask(TaskDaoTest.java:96)
]]></failure>
  </testcase>
</testsuite>